<?xml version="1.0" encoding="UTF-8"?>
<testsuite xmlns:xsi="http://www.w3.org/2001/XMLSchema-instance" xsi:noNamespaceSchemaLocation="https://maven.apache.org/surefire/maven-surefire-plugin/xsd/surefire-test-report.xsd" name="com.sample.runners.CukesRunner" time="22.23" tests="16" errors="0" skipped="0" failures="0">
  <properties>
[...]
</properties>
  <testcase name="User should be able to create a pet by given information" classname="API Test" time="3.757"/>
  <testcase name="User should be able to create a pet by given information" classname="API Test" time="0.666"/>
  <testcase name="User should be able to create a pet by given information" classname="API Test" time="0.694"/>
  <testcase name="User should be able to reach pet information by id" classname="API Test" time="0.711"/>
  <testcase name="User should be able to reach pet information by id" classname="API Test" time="0.727"/>
  <testcase name="User should be able to reach pet information by id" classname="API Test" time="0.727"/>
  <testcase name="User should be able to find all pets by status" classname="API Test" time="0.714"/>
  <testcase name="User should be able to find all pets by status" classname="API Test" time="0.638"/>
  <testcase name="User should be able to find all pets by status" classname="API Test" time="0.692"/>
  <testcase name="User should be able to delete an existing pet with API key" classname="API Test" time="0.658"/>
  <testcase name="User should be able to delete an existing pet with API key" classname="API Test" time="0.769"/>
  <testcase name="User should be able to delete an existing pet with API key" classname="API Test" time="0.658"/>
  <testcase name="User should be able to place orders for a pet" classname="API Test" time="0.662"/>
  <testcase name="User should be able to place orders for a pet" classname="API Test" time="0.677"/>
  <testcase name="User should be able to place orders for a pet" classname="API Test" time="0.665"/>
  <testcase name="User lands the www.surepay.nl website, user should see the menu options" classname="Surepay UI Testing" time="7.946"/>
</testsuite>